[11:21:57] [Client thread/INFO]: Setting user: Player921
[11:22:03] [Client thread/WARN]: Skipping bad option: lastServer:
[11:22:03] [Client thread/INFO]: LWJGL Version: 2.9.2
[11:22:06] [Client thread/INFO]: Reloading ResourceManager: Default, FMLFileResourcePack:Forge Mod Loader, FMLFileResourcePack:Minecraft Forge, FMLFileResourcePack:${mod_name}
[11:22:09] [Sound Library Loader/INFO]: Starting up SoundSystem...
[11:22:10] [Thread-6/INFO]: Initializing LWJGL OpenAL
[11:22:10] [Thread-6/INFO]: (The LWJGL binding of OpenAL.  For more information, see http://www.lwjgl.org)
[11:22:10] [Thread-6/INFO]: OpenAL initialized.
[11:22:10] [Sound Library Loader/INFO]: Sound engine started
[11:22:14] [Client thread/INFO]: Created: 16x16 textures-atlas
[11:22:15] [Client thread/INFO]: Reloading ResourceManager: Default, FMLFileResourcePack:Forge Mod Loader, FMLFileResourcePack:Minecraft Forge, FMLFileResourcePack:${mod_name}
[11:22:16] [Client thread/INFO]: SoundSystem shutting down...
[11:22:17] [Client thread/WARN]: Author: Paul Lamb, www.paulscode.com
[11:22:17] [Sound Library Loader/INFO]: Starting up SoundSystem...
[11:22:17] [Thread-8/INFO]: Initializing LWJGL OpenAL
[11:22:17] [Thread-8/INFO]: (The LWJGL binding of OpenAL.  For more information, see http://www.lwjgl.org)
[11:22:17] [Thread-8/INFO]: OpenAL initialized.
[11:22:17] [Sound Library Loader/INFO]: Sound engine started
[11:22:20] [Client thread/INFO]: Created: 512x512 textures-atlas
[11:22:22] [Client thread/WARN]: Skipping bad option: lastServer:
[11:22:23] [Realms Notification Availability checker #1/INFO]: Could not authorize you against Realms server: Invalid session id
[11:22:39] [Client thread/INFO]: Stopping!
[11:22:39] [Client thread/INFO]: SoundSystem shutting down...
[11:22:39] [Client thread/WARN]: Author: Paul Lamb, www.paulscode.com
